
Run     SWR     Gain    F/B     F/R     R-a     X-a     Eff.    %Res.   %Stp  D       

1-0     1.6582  0       0       0       36.737  17.437  99.62   0    	0    	20.956  
1       1.7011  0       0       0       36.509  18.586  99.62   -0.01	0.1  	20.977  
1-1                                                                           -1      

1-2     6.9018  0       0       0       27.902  -80.95  99.61   -0.64	10   	18.86   
2       1.7011  0       0       0       36.509  18.586  99.62   -0.01	0.1  	20.977  
2-1                                                                           -1      

2-2     1.2606  0       0       0       40.282  -3.752  99.69   0.137	2    	20.537  
2-3     1.6991  0       0       0       41.285  -22.76  99.72   -0.19	2    	20.126  
3       1.6701  0       0       0       41.288  -21.89  99.72   9.e-3	0.1  	20.146  
3-1                                                                           1       

3-2     1.5604  0       0       0       41.241  -18.39  99.71   0.044	0.5  	20.227  
3-3     1.4378  0       0       0       41.057  -13.92  99.71   0.045	0.5  	20.328  
3-4     1.3239  0       0       0       40.747  -8.707  99.7    0.052	0.5  	20.429  
3-5     1.2623  0       0       0       40.309  -3.996  99.69   0.047	0.5  	20.532  
3-6     1.2603  0       0       0       39.709  0.9049  99.68   0.031	0.5  	20.634  
3-7     1.3276  0       0       0       38.969  5.9845  99.67   -0.05	0.5  	20.737  
4       1.3485  0       0       0       38.803  7.026   99.66   -0.01	0.1  	20.758  
4-1                                                                           -1      

4-2     1.3047  0       0       0       39.168  4.6922  99.67   0.013	0.125	20.711  
4-3     1.2857  0       0       0       39.358  3.413   99.67   0.013	0.125	20.686  
4-4     1.2707  0       0       0       39.539  2.1452  99.68   0.013	0.125	20.66   
4-5     1.2602  0       0       0       39.711  0.8887  99.68   0.013	0.125	20.634  
4-6     1.2541  0       0       0       39.875  -0.356  99.68   5.e-3	0.125	20.608  
4-7     1.2526  0       0       0       40.03   -1.59   99.69   -0.01	0.125	20.582  
5       1.2534  0       0       0       39.907  -0.605  99.68   1.e-2	0.1  	20.603  
5-1                                                                           1       

5-2     1.2525  0       0       0       39.992  -1.283  99.69   3.e-3	0.031	20.589  
5-3     1.2528  0       0       0       39.953  -0.975  99.68   3.e-3	0.031	20.595  
5-4     1.2533  0       0       0       39.915  -0.666  99.68   3.e-3	0.031	20.602  
5-5     1.2541  0       0       0       39.875  -0.357  99.68   3.e-3	0.031	20.608  
5-6     1.2552  0       0       0       39.835  -0.047  99.68   3.e-3	0.031	20.614  
5-7     1.2566  0       0       0       39.794  0.2637  99.68   -2e-3	0.031	20.621  
6       1.2582  0       0       0       39.753  0.575   99.68   -3e-3	0.031	20.627  
6-1                                                                           -1      

6-2     1.2562  0       0       0       39.805  0.1857  99.68   8.e-4	8.e-3	20.619  
